#
# A fatal error has been detected by the Java Runtime Environment:
#
#  EXCEPTION_ACCESS_VIOLATION (0xc0000005) at pc=0x02f46e80, pid=7212, tid=8060
#
# JRE version: Java(TM) SE Runtime Environment (7.0_75-b13) (build 1.7.0_75-b13)
# Java VM: Java HotSpot(TM) Client VM (24.75-b04 mixed mode, sharing windows-x86 )
# Problematic frame:
# C  [segmentor.dll+0x6e80]
#
# Failed to write core dump. Minidumps are not enabled by default on client versions of Windows
#
# If you would like to submit a bug report, please visit:
#   http://bugreport.sun.com/bugreport/crash.jsp
# The crash happened outside the Java Virtual Machine in native code.
# See problematic frame for where to report the bug.
#

---------------  T H R E A D  ---------------

Current thread (0x00869c00):  JavaThread "main" [_thread_in_native, id=8060, stack(0x00950000,0x009a0000)]

siginfo: ExceptionCode=0xc0000005, reading address 0x00000010

Registers:
EAX=0x02b2ede8, EBX=0x00000000, ECX=0x00000008, EDX=0x00000010
ESP=0x0099f884, EBP=0x0099f960, ESI=0x02b2ee10, EDI=0x02b2ede8
EIP=0x02f46e80, EFLAGS=0x00010246

Top of Stack: (sp=0x0099f884)
0x0099f884:   b3963ee2 0099fa60 0099fa40 0099fa50
0x0099f894:   00000007 0099f7f4 02b2ede8 0099f92c
0x0099f8a4:   7c92e920 7c930060 ffffffff 7c93005d
0x0099f8b4:   78ab016a 00860000 00000000 00000000
0x0099f8c4:   02b20198 02f42b4c 02b2ee20 000000a8
0x0099f8d4:   0000f9ec 00860000 0099f6d4 0099f8f0
0x0099f8e4:   0099fa0c 7c92e920 7c9301e0 ffffffff
0x0099f8f4:   7c9301db 78ab0269 00860000 00000000 

Instructions: (pc=0x02f46e80)
0x02f46e60:   89 5d d4 88 5d d8 89 5d dc 89 5d e0 89 5d e4 c6
0x02f46e70:   45 e8 01 8d 51 08 89 5d fc 89 55 b8 8d 64 24 00
0x02f46e80:   8b 0a 3b cb 74 05 8b 79 18 eb 02 33 ff f7 c7 00
0x02f46e90:   00 08 00 0f 85 60 02 00 00 8d 7d bc 89 bd 34 ff 


Register to memory mapping:

EAX=0x02b2ede8 is an unknown value
EBX=0x00000000 is an unknown value
ECX=0x00000008 is an unknown value
EDX=0x00000010 is an unknown value
ESP=0x0099f884 is pointing into the stack for thread: 0x00869c00
EBP=0x0099f960 is pointing into the stack for thread: 0x00869c00
ESI=0x02b2ee10 is an unknown value
EDI=0x02b2ede8 is an unknown value


Stack: [0x00950000,0x009a0000],  sp=0x0099f884,  free space=318k
Native frames: (J=compiled Java code, j=interpreted, Vv=VM code, C=native code)
C  [segmentor.dll+0x6e80]
C  [segmentor.dll+0x7514]
C  [segmentor.dll+0x3d6d]
C  [segmentor.dll+0x43b5]
C  [segmentor_jni.dll+0x1752]
j  edu.hit.ir.ltp4j.Segmentor.segment(Ljava/lang/String;Ljava/util/List;)I+0
j  ltpTest.TestSegment.main([Ljava/lang/String;)V+21
v  ~StubRoutines::call_stub
V  [jvm.dll+0x141eba]
V  [jvm.dll+0x2061de]
V  [jvm.dll+0x141f3d]
V  [jvm.dll+0xcb1d5]
V  [jvm.dll+0xd5ea7]
C  [javaw.exe+0x2070]
C  [javaw.exe+0xa601]
C  [javaw.exe+0xa68b]
C  [kernel32.dll+0xb729]

Java frames: (J=compiled Java code, j=interpreted, Vv=VM code)
j  edu.hit.ir.ltp4j.Segmentor.segment(Ljava/lang/String;Ljava/util/List;)I+0
j  ltpTest.TestSegment.main([Ljava/lang/String;)V+21
v  ~StubRoutines::call_stub

---------------  P R O C E S S  ---------------

Java Threads: ( => current thread )
  0x02aef400 JavaThread "Service Thread" daemon [_thread_blocked, id=5600, stack(0x02e90000,0x02ee0000)]
  0x02adec00 JavaThread "C1 CompilerThread0" daemon [_thread_blocked, id=7904, stack(0x02e40000,0x02e90000)]
  0x02add000 JavaThread "Attach Listener" daemon [_thread_blocked, id=6496, stack(0x02df0000,0x02e40000)]
  0x02af6400 JavaThread "Signal Dispatcher" daemon [_thread_blocked, id=7808, stack(0x02da0000,0x02df0000)]
  0x02a70800 JavaThread "Finalizer" daemon [_thread_blocked, id=5860, stack(0x02d50000,0x02da0000)]
  0x02a6b800 JavaThread "Reference Handler" daemon [_thread_blocked, id=8104, stack(0x02d00000,0x02d50000)]
=>0x00869c00 JavaThread "main" [_thread_in_native, id=8060, stack(0x00950000,0x009a0000)]

Other Threads:
  0x02a69c00 VMThread [stack: 0x02cb0000,0x02d00000] [id=5764]
  0x02af1c00 WatcherThread [stack: 0x02ee0000,0x02f30000] [id=5644]

VM state:not at safepoint (normal execution)

VM Mutex/Monitor currently owned by a thread: None

Heap
 def new generation   total 4928K, used 699K [0x22c00000, 0x23150000, 0x28150000)
  eden space 4416K,  15% used [0x22c00000, 0x22caed30, 0x23050000)
  from space 512K,   0% used [0x23050000, 0x23050000, 0x230d0000)
  to   space 512K,   0% used [0x230d0000, 0x230d0000, 0x23150000)
 tenured generation   total 10944K, used 0K [0x28150000, 0x28c00000, 0x32c00000)
   the space 10944K,   0% used [0x28150000, 0x28150000, 0x28150200, 0x28c00000)
 compacting perm gen  total 12288K, used 204K [0x32c00000, 0x33800000, 0x36c00000)
   the space 12288K,   1% used [0x32c00000, 0x32c33220, 0x32c33400, 0x33800000)
    ro space 10240K,  42% used [0x36c00000, 0x37035758, 0x37035800, 0x37600000)
    rw space 12288K,  51% used [0x37600000, 0x37c3b548, 0x37c3b600, 0x38200000)

Card table byte_map: [0x02b50000,0x02c00000] byte_map_base: 0x02a3a000

Polling page: 0x009a0000

Code Cache  [0x009d0000, 0x00a68000, 0x029d0000)
 total_blobs=143 nmethods=11 adapters=70 free_code_cache=32180Kb largest_free_block=32952704

Compilation events (10 events):
Event: 0.057 Thread 0x02adec00    7             java.lang.AbstractStringBuilder::ensureCapacityInternal (16 bytes)
Event: 0.057 Thread 0x02adec00 nmethod 7 0x00a61748 code [0x00a61850, 0x00a618fc]
Event: 0.057 Thread 0x02adec00    8             java.lang.String::length (6 bytes)
Event: 0.057 Thread 0x02adec00 nmethod 8 0x00a61988 code [0x00a61a80, 0x00a61b10]
Event: 0.058 Thread 0x02adec00    9             java.lang.String::indexOf (166 bytes)
Event: 0.058 Thread 0x02adec00 nmethod 9 0x00a61b88 code [0x00a61ca0, 0x00a61ed0]
Event: 0.058 Thread 0x02adec00   10             java.lang.AbstractStringBuilder::append (29 bytes)
Event: 0.058 Thread 0x02adec00 nmethod 10 0x00a621c8 code [0x00a622d0, 0x00a623bc]
Event: 0.063 Thread 0x02adec00   11             java.io.Win32FileSystem::normalize (143 bytes)
Event: 0.063 Thread 0x02adec00 nmethod 11 0x00a62748 code [0x00a62890, 0x00a62b2c]

GC Heap History (0 events):
No events

Deoptimization events (0 events):
No events

Internal exceptions (3 events):
Event: 0.011 Thread 0x00869c00 Threw 0x22c05b60 at C:\re\jdk7u75\1940\hotspot\src\share\vm\prims\jni.cpp:3991
Event: 0.054 Thread 0x00869c00 Threw 0x22c9a808 at C:\re\jdk7u75\1940\hotspot\src\share\vm\prims\jvm.cpp:1281
Event: 0.057 Thread 0x00869c00 Threw 0x22ca0200 at C:\re\jdk7u75\1940\hotspot\src\share\vm\prims\jvm.cpp:1281

Events (10 events):
Event: 0.060 loading class 0x382d3670
Event: 0.060 loading class 0x382d3670 done
Event: 0.060 loading class 0x382d1e30
Event: 0.060 loading class 0x382d1e30 done
Event: 0.061 loading class 0x3824a448
Event: 0.061 loading class 0x3824a448 done
Event: 0.061 loading class 0x382de390
Event: 0.061 loading class 0x382de390 done
Event: 0.062 loading class 0x3820af58
Event: 0.062 loading class 0x3820af58 done


Dynamic libraries:
0x00400000 - 0x0042f000 	C:\Program Files\Java\jre7\bin\javaw.exe
0x7c920000 - 0x7c9b6000 	C:\WINDOWS\system32\ntdll.dll
0x7c800000 - 0x7c91e000 	C:\WINDOWS\system32\kernel32.dll
0x77da0000 - 0x77e49000 	C:\WINDOWS\system32\ADVAPI32.dll
0x77e50000 - 0x77ee3000 	C:\WINDOWS\system32\RPCRT4.dll
0x77fc0000 - 0x77fd1000 	C:\WINDOWS\system32\Secur32.dll
0x77d10000 - 0x77da0000 	C:\WINDOWS\system32\USER32.dll
0x77ef0000 - 0x77f39000 	C:\WINDOWS\system32\GDI32.dll
0x77180000 - 0x77283000 	C:\WINDOWS\WinSxS\x86_Microsoft.Windows.Common-Controls_6595b64144ccf1df_6.0.2600.6028_x-ww_61e65202\COMCTL32.dll
0x77be0000 - 0x77c38000 	C:\WINDOWS\system32\msvcrt.dll
0x77f40000 - 0x77fb6000 	C:\WINDOWS\system32\SHLWAPI.dll
0x76300000 - 0x7631d000 	C:\WINDOWS\system32\IMM32.DLL
0x62c20000 - 0x62c29000 	C:\WINDOWS\system32\LPK.DLL
0x73fa0000 - 0x7400b000 	C:\WINDOWS\system32\USP10.dll
0x78aa0000 - 0x78b5f000 	C:\Program Files\Java\jre7\bin\msvcr100.dll
0x6e780000 - 0x6eb09000 	C:\Program Files\Java\jre7\bin\client\jvm.dll
0x71a40000 - 0x71a4b000 	C:\WINDOWS\system32\WSOCK32.dll
0x71a20000 - 0x71a37000 	C:\WINDOWS\system32\WS2_32.dll
0x71a10000 - 0x71a18000 	C:\WINDOWS\system32\WS2HELP.dll
0x76b10000 - 0x76b3a000 	C:\WINDOWS\system32\WINMM.dll
0x76bc0000 - 0x76bcb000 	C:\WINDOWS\system32\PSAPI.DLL
0x6e6d0000 - 0x6e6dc000 	C:\Program Files\Java\jre7\bin\verify.dll
0x6d480000 - 0x6d4a0000 	C:\Program Files\Java\jre7\bin\java.dll
0x6e760000 - 0x6e773000 	C:\Program Files\Java\jre7\bin\zip.dll
0x10000000 - 0x10007000 	C:\Documents and Settings\Administrator\workspace\LTP32\segmentor_jni.dll
0x02f40000 - 0x02f7e000 	C:\Documents and Settings\Administrator\workspace\LTP32\segmentor.dll
0x78050000 - 0x780b9000 	C:\WINDOWS\system32\MSVCP100.dll
0x68d60000 - 0x68e01000 	C:\WINDOWS\system32\dbghelp.dll
0x77bd0000 - 0x77bd8000 	C:\WINDOWS\system32\VERSION.dll

VM Arguments:
jvm_args: -Dfile.encoding=GBK 
java_command: ltpTest.TestSegment
Launcher Type: SUN_STANDARD

Environment Variables:
JAVA_HOME=C:\Program Files\Java\jdk1.7.0_75
CLASSPATH=.;C:\Program Files\Java\jdk1.7.0_75\lib;C:\Program Files\Java\jdk1.7.0_75\lib\tools.jar
PATH=C:/Program Files/Java/jre7/bin/client;C:/Program Files/Java/jre7/bin;C:/Program Files/Java/jre7/lib/i386;C:\WINDOWS\system32;C:\WINDOWS;C:\WINDOWS\System32\Wbem;C:\Program Files\Java\jdk1.7.0_75\bin;C:\Program Files\Java\jdk1.7.0_75\jre\bin;C:\Program Files\apache-ant-1.9.1\bin;C:\Documents and Settings\Administrator\桌面\133\cxx\java调用c++代码编译工具\eclipse-jee-luna-SR2-win32\eclipse;
USERNAME=Administrator
OS=Windows_NT
PROCESSOR_IDENTIFIER=x86 Family 6 Model 58 Stepping 9, GenuineIntel



---------------  S Y S T E M  ---------------

OS: Windows XP Build 2600 Service Pack 3

CPU:total 4 (4 cores per cpu, 1 threads per core) family 6 model 58 stepping 9, cmov, cx8, fxsr, mmx, sse, sse2, sse3, ssse3, sse4.1, sse4.2, popcnt, aes, erms, tsc, tscinvbit, tscinv

Memory: 4k page, physical 3631504k(1956468k free), swap 5563192k(3113436k free)

vm_info: Java HotSpot(TM) Client VM (24.75-b04) for windows-x86 JRE (1.7.0_75-b13), built on Dec 18 2014 17:06:46 by "java_re" with unknown MS VC++:1600

time: Tue Apr 18 12:30:09 2017
elapsed time: 0 seconds

